<?xml version="1.0" encoding="UTF-8"?><testsuite errors="3" failures="0" name="Order products logged in-1" skipped="0" tests="5" time="132.62" timestamp="2022-03-25 12:54:53"><testcase name="Login and Order with courier delivery and paypal payment (click same shipping address checkbox)"><error message="stale element reference: element is not attached to the page document&#10;  (Session info: chrome=87.0.4280.141)&#10;For documentation on this error, please visit: https://www.seleniumhq.org/exceptions/stale_element_reference.html&#10;Build info: version: '3.141.59', revision: 'e82be7d358', time: '2018-11-14T08:17:03'&#10;System info: host: 'deosite-latitude-5491', ip: '127.0.1.1', os.name: 'Linux', os.arch: 'amd64', os.version: '5.13.0-37-generic', java.version: '1.8.0_212'&#10;Driver info: org.openqa.selenium.remote.RemoteWebDriver&#10;Capabilities {acceptInsecureCerts: false, browserName: chrome, browserVersion: 87.0.4280.141, chrome: {chromedriverVersion: 87.0.4280.88 (89e2380a3e36c..., userDataDir: /tmp/.com.google.Chrome.Cs2A97}, goog:chromeOptions: {debuggerAddress: localhost:46867}, javascriptEnabled: true, networkConnectionEnabled: false, pageLoadStrategy: normal, platform: LINUX, platformName: LINUX, proxy: Proxy(), se:options: {cdp: http://172.17.0.1:4444/sess...}, setWindowRect: true, strictFileInteractability: false, timeouts: {implicit: 0, pageLoad: 300000, script: 30000}, unhandledPromptBehavior: dismiss and notify, webauthn:virtualAuthenticators: true}&#10;Session ID: 04b18949c2362e76f62ad998873a10ee" type="org.openqa.selenium.StaleElementReferenceException">stale element reference: element is not attached to the page document
  (Session info: chrome=87.0.4280.141)
For documentation on this error, please visit: https://www.seleniumhq.org/exceptions/stale_element_reference.html
Build info: version: '3.141.59', revision: 'e82be7d358', time: '2018-11-14T08:17:03'
System info: host: 'deosite-latitude-5491', ip: '127.0.1.1', os.name: 'Linux', os.arch: 'amd64', os.version: '5.13.0-37-generic', java.version: '1.8.0_212'
Driver info: org.openqa.selenium.remote.RemoteWebDriver
Capabilities {acceptInsecureCerts: false, browserName: chrome, browserVersion: 87.0.4280.141, chrome: {chromedriverVersion: 87.0.4280.88 (89e2380a3e36c..., userDataDir: /tmp/.com.google.Chrome.Cs2A97}, goog:chromeOptions: {debuggerAddress: localhost:46867}, javascriptEnabled: true, networkConnectionEnabled: false, pageLoadStrategy: normal, platform: LINUX, platformName: LINUX, proxy: Proxy(), se:options: {cdp: http://172.17.0.1:4444/sess...}, setWindowRect: true, strictFileInteractability: false, timeouts: {implicit: 0, pageLoad: 300000, script: 30000}, unhandledPromptBehavior: dismiss and notify, webauthn:virtualAuthenticators: true}
Session ID: 04b18949c2362e76f62ad998873a10ee</error><system-err>stale element reference: element is not attached to the page document
  (Session info: chrome=87.0.4280.141)
For documentation on this error, please visit: https://www.seleniumhq.org/exceptions/stale_element_reference.html
Build info: version: '3.141.59', revision: 'e82be7d358', time: '2018-11-14T08:17:03'
System info: host: 'deosite-latitude-5491', ip: '127.0.1.1', os.name: 'Linux', os.arch: 'amd64', os.version: '5.13.0-37-generic', java.version: '1.8.0_212'
Driver info: org.openqa.selenium.remote.RemoteWebDriver
Capabilities {acceptInsecureCerts: false, browserName: chrome, browserVersion: 87.0.4280.141, chrome: {chromedriverVersion: 87.0.4280.88 (89e2380a3e36c..., userDataDir: /tmp/.com.google.Chrome.Cs2A97}, goog:chromeOptions: {debuggerAddress: localhost:46867}, javascriptEnabled: true, networkConnectionEnabled: false, pageLoadStrategy: normal, platform: LINUX, platformName: LINUX, proxy: Proxy(), se:options: {cdp: http://172.17.0.1:4444/sess...}, setWindowRect: true, strictFileInteractability: false, timeouts: {implicit: 0, pageLoad: 300000, script: 30000}, unhandledPromptBehavior: dismiss and notify, webauthn:virtualAuthenticators: true}
Session ID: 04b18949c2362e76f62ad998873a10ee
sun.reflect.NativeConstructorAccessorImpl.newInstance0(Native Method)
sun.reflect.NativeConstructorAccessorImpl.newInstance(NativeConstructorAccessorImpl.java:62)
sun.reflect.DelegatingConstructorAccessorImpl.newInstance(DelegatingConstructorAccessorImpl.java:45)
java.lang.reflect.Constructor.newInstance(Constructor.java:423)
org.openqa.selenium.remote.http.W3CHttpResponseCodec.createException(W3CHttpResponseCodec.java:187)
org.openqa.selenium.remote.http.W3CHttpResponseCodec.decode(W3CHttpResponseCodec.java:122)
org.openqa.selenium.remote.http.W3CHttpResponseCodec.decode(W3CHttpResponseCodec.java:49)
org.openqa.selenium.remote.HttpCommandExecutor.execute(HttpCommandExecutor.java:158)
org.openqa.selenium.remote.RemoteWebDriver.execute(RemoteWebDriver.java:552)
org.openqa.selenium.remote.RemoteWebElement.execute(RemoteWebElement.java:285)
org.openqa.selenium.remote.RemoteWebElement.isDisplayed(RemoteWebElement.java:326)
net.serenitybdd.core.pages.WebElementFacadeImpl.elementIsPresent(WebElementFacadeImpl.java:1002)
net.serenitybdd.core.pages.WebElementFacadeImpl.isPresent(WebElementFacadeImpl.java:1018)
net.serenitybdd.core.pages.WebElementExpectations$2.apply(WebElementExpectations.java:43)
net.serenitybdd.core.pages.WebElementExpectations$2.apply(WebElementExpectations.java:35)
org.openqa.selenium.support.ui.FluentWait.until(FluentWait.java:249)
net.serenitybdd.core.pages.WebElementFacadeImpl.waitUntilPresent(WebElementFacadeImpl.java:1064)
net.serenitybdd.core.pages.WebElementFacadeImpl.waitUntilElementPresent(WebElementFacadeImpl.java:987)
net.serenitybdd.core.pages.WebElementFacadeImpl.click(WebElementFacadeImpl.java:1263)
net.serenitybdd.screenplay.actions.ClickOnElement.performAs(ClickOnElement.java:12)
net.serenitybdd.screenplay.actions.ClickOnElement$ByteBuddy$SXFLfAXs.performAs$accessor$lJUH7xxH(Unknown Source)
sun.reflect.NativeMethodAccessorImpl.invoke0(Native Method)
sun.reflect.NativeMethodAccessorImpl.invoke(NativeMethodAccessorImpl.java:62)
sun.reflect.DelegatingMethodAccessorImpl.invoke(DelegatingMethodAccessorImpl.java:43)
java.lang.reflect.Method.invoke(Method.java:498)
net.thucydides.core.steps.StepInterceptor.invokeMethod(StepInterceptor.java:492)
net.thucydides.core.steps.StepInterceptor.executeTestStepMethod(StepInterceptor.java:472)
net.thucydides.core.steps.StepInterceptor.runTestStep(StepInterceptor.java:445)
net.thucydides.core.steps.StepInterceptor.runOrSkipMethod(StepInterceptor.java:201)
net.thucydides.core.steps.StepInterceptor.testStepResult(StepInterceptor.java:188)
net.thucydides.core.steps.StepInterceptor.intercept(StepInterceptor.java:76)
net.thucydides.core.steps.ProxyConfiguration$InterceptorDispatcher.intercept(ProxyConfiguration.java:51)
net.serenitybdd.screenplay.actions.ClickOnElement$ByteBuddy$SXFLfAXs.performAs(Unknown Source)
net.serenitybdd.screenplay.Actor.performTask(Actor.java:253)
net.serenitybdd.screenplay.Actor.perform(Actor.java:234)
net.serenitybdd.screenplay.Actor.attemptsTo(Actor.java:179)
com.deosite.tests.actions.OpenProductPage.performAs(OpenProductPage.java:25)
com.deosite.tests.actions.OpenProductPage$ByteBuddy$mqnvGjNH.performAs$accessor$wyBfIpml(Unknown Source)
sun.reflect.NativeMethodAccessorImpl.invoke0(Native Method)
sun.reflect.NativeMethodAccessorImpl.invoke(NativeMethodAccessorImpl.java:62)
sun.reflect.DelegatingMethodAccessorImpl.invoke(DelegatingMethodAccessorImpl.java:43)
java.lang.reflect.Method.invoke(Method.java:498)
net.thucydides.core.steps.StepInterceptor.invokeMethod(StepInterceptor.java:492)
net.thucydides.core.steps.StepInterceptor.executeTestStepMethod(StepInterceptor.java:472)
net.thucydides.core.steps.StepInterceptor.runTestStep(StepInterceptor.java:445)
net.thucydides.core.steps.StepInterceptor.runOrSkipMethod(StepInterceptor.java:201)
net.thucydides.core.steps.StepInterceptor.testStepResult(StepInterceptor.java:188)
net.thucydides.core.steps.StepInterceptor.intercept(StepInterceptor.java:76)
net.thucydides.core.steps.ProxyConfiguration$InterceptorDispatcher.intercept(ProxyConfiguration.java:51)
com.deosite.tests.actions.OpenProductPage$ByteBuddy$mqnvGjNH.performAs(Unknown Source)
net.serenitybdd.screenplay.Actor.performTask(Actor.java:253)
net.serenitybdd.screenplay.Actor.perform(Actor.java:234)
net.serenitybdd.screenplay.Actor.attemptsTo(Actor.java:179)
com.deosite.tests.features.creating_orders.OrderProductsLoggedIn.actor_orders_product_using_chosen_delivery(OrderProductsLoggedIn.java:83)
sun.reflect.NativeMethodAccessorImpl.invoke0(Native Method)
sun.reflect.NativeMethodAccessorImpl.invoke(NativeMethodAccessorImpl.java:62)
sun.reflect.DelegatingMethodAccessorImpl.invoke(DelegatingMethodAccessorImpl.java:43)
java.lang.reflect.Method.invoke(Method.java:498)
io.cucumber.java.Invoker.doInvoke(Invoker.java:66)
io.cucumber.java.Invoker.invoke(Invoker.java:24)
io.cucumber.java.AbstractGlueDefinition.invokeMethod(AbstractGlueDefinition.java:47)
io.cucumber.java.JavaStepDefinition.execute(JavaStepDefinition.java:29)
io.cucumber.core.runner.CoreStepDefinition.execute(CoreStepDefinition.java:66)
io.cucumber.core.runner.PickleStepDefinitionMatch.runStep(PickleStepDefinitionMatch.java:63)
io.cucumber.core.runner.ExecutionMode$1.execute(ExecutionMode.java:10)
io.cucumber.core.runner.TestStep.executeStep(TestStep.java:92)
io.cucumber.core.runner.TestStep.run(TestStep.java:64)
io.cucumber.core.runner.PickleStepTestStep.run(PickleStepTestStep.java:51)
io.cucumber.core.runner.TestCase.run(TestCase.java:104)
io.cucumber.core.runner.Runner.runPickle(Runner.java:73)
io.cucumber.junit.PickleRunners$NoStepDescriptions.run(PickleRunners.java:151)
io.cucumber.junit.FeatureRunner.runChild(FeatureRunner.java:135)
io.cucumber.junit.FeatureRunner.runChild(FeatureRunner.java:27)
org.junit.runners.ParentRunner$4.run(ParentRunner.java:331)
org.junit.runners.ParentRunner$1.schedule(ParentRunner.java:79)
org.junit.runners.ParentRunner.runChildren(ParentRunner.java:329)
org.junit.runners.ParentRunner.access$100(ParentRunner.java:66)
org.junit.runners.ParentRunner$2.evaluate(ParentRunner.java:293)
org.junit.runners.ParentRunner$3.evaluate(ParentRunner.java:306)
org.junit.runners.ParentRunner.run(ParentRunner.java:413)
io.cucumber.junit.CucumberSerenityRunner.runChild(CucumberSerenityRunner.java:258)
io.cucumber.junit.CucumberSerenityRunner.runChild(CucumberSerenityRunner.java:57)
org.junit.runners.ParentRunner$4.run(ParentRunner.java:331)
org.junit.runners.ParentRunner$1.schedule(ParentRunner.java:79)
org.junit.runners.ParentRunner.runChildren(ParentRunner.java:329)
org.junit.runners.ParentRunner.access$100(ParentRunner.java:66)
org.junit.runners.ParentRunner$2.evaluate(ParentRunner.java:293)
io.cucumber.junit.CucumberSerenityRunner$RunCucumber.evaluate(CucumberSerenityRunner.java:286)
org.junit.runners.ParentRunner$3.evaluate(ParentRunner.java:306)
org.junit.runners.ParentRunner.run(ParentRunner.java:413)
org.junit.runner.JUnitCore.run(JUnitCore.java:137)
org.junit.runner.JUnitCore.run(JUnitCore.java:115)
org.junit.vintage.engine.execution.RunnerExecutor.execute(RunnerExecutor.java:43)
java.util.stream.ForEachOps$ForEachOp$OfRef.accept(ForEachOps.java:184)
java.util.stream.ReferencePipeline$3$1.accept(ReferencePipeline.java:193)
java.util.Iterator.forEachRemaining(Iterator.java:116)
java.util.Spliterators$IteratorSpliterator.forEachRemaining(Spliterators.java:1801)
java.util.stream.AbstractPipeline.copyInto(AbstractPipeline.java:482)
java.util.stream.AbstractPipeline.wrapAndCopyInto(AbstractPipeline.java:472)
java.util.stream.ForEachOps$ForEachOp.evaluateSequential(ForEachOps.java:151)
java.util.stream.ForEachOps$ForEachOp$OfRef.evaluateSequential(ForEachOps.java:174)
java.util.stream.AbstractPipeline.evaluate(AbstractPipeline.java:234)
java.util.stream.ReferencePipeline.forEach(ReferencePipeline.java:418)
org.junit.vintage.engine.VintageTestEngine.executeAllChildren(VintageTestEngine.java:82)
org.junit.vintage.engine.VintageTestEngine.execute(VintageTestEngine.java:73)
org.junit.platform.launcher.core.EngineExecutionOrchestrator.execute(EngineExecutionOrchestrator.java:108)
org.junit.platform.launcher.core.EngineExecutionOrchestrator.execute(EngineExecutionOrchestrator.java:88)
org.junit.platform.launcher.core.EngineExecutionOrchestrator.lambda$execute$0(EngineExecutionOrchestrator.java:54)
org.junit.platform.launcher.core.EngineExecutionOrchestrator.withInterceptedStreams(EngineExecutionOrchestrator.java:67)
org.junit.platform.launcher.core.EngineExecutionOrchestrator.execute(EngineExecutionOrchestrator.java:52)
org.junit.platform.launcher.core.DefaultLauncher.execute(DefaultLauncher.java:96)
org.junit.platform.launcher.core.DefaultLauncher.execute(DefaultLauncher.java:75)
org.apache.maven.surefire.junitplatform.JUnitPlatformProvider.invokeAllTests(JUnitPlatformProvider.java:154)
org.apache.maven.surefire.junitplatform.JUnitPlatformProvider.invoke(JUnitPlatformProvider.java:123)
org.apache.maven.surefire.booter.ForkedBooter.runSuitesInProcess(ForkedBooter.java:377)
org.apache.maven.surefire.booter.ForkedBooter.execute(ForkedBooter.java:138)
org.apache.maven.surefire.booter.ForkedBooter.run(ForkedBooter.java:465)
org.apache.maven.surefire.booter.ForkedBooter.main(ForkedBooter.java:451)
</system-err></testcase><testcase name="Login and Order with courier delivery and transfer payment (click same shipping address checkbox)"><error message="stale element reference: element is not attached to the page document&#10;  (Session info: chrome=87.0.4280.141)&#10;For documentation on this error, please visit: https://www.seleniumhq.org/exceptions/stale_element_reference.html&#10;Build info: version: '3.141.59', revision: 'e82be7d358', time: '2018-11-14T08:17:03'&#10;System info: host: 'deosite-latitude-5491', ip: '127.0.1.1', os.name: 'Linux', os.arch: 'amd64', os.version: '5.13.0-37-generic', java.version: '1.8.0_212'&#10;Driver info: org.openqa.selenium.remote.RemoteWebDriver&#10;Capabilities {acceptInsecureCerts: false, browserName: chrome, browserVersion: 87.0.4280.141, chrome: {chromedriverVersion: 87.0.4280.88 (89e2380a3e36c..., userDataDir: /tmp/.com.google.Chrome.zlNH73}, goog:chromeOptions: {debuggerAddress: localhost:32981}, javascriptEnabled: true, networkConnectionEnabled: false, pageLoadStrategy: normal, platform: LINUX, platformName: LINUX, proxy: Proxy(), se:options: {cdp: http://172.17.0.1:4444/sess...}, setWindowRect: true, strictFileInteractability: false, timeouts: {implicit: 0, pageLoad: 300000, script: 30000}, unhandledPromptBehavior: dismiss and notify, webauthn:virtualAuthenticators: true}&#10;Session ID: f8127498ffe52efc1fdebc788cc1e7ed" type="org.openqa.selenium.StaleElementReferenceException">stale element reference: element is not attached to the page document
  (Session info: chrome=87.0.4280.141)
For documentation on this error, please visit: https://www.seleniumhq.org/exceptions/stale_element_reference.html
Build info: version: '3.141.59', revision: 'e82be7d358', time: '2018-11-14T08:17:03'
System info: host: 'deosite-latitude-5491', ip: '127.0.1.1', os.name: 'Linux', os.arch: 'amd64', os.version: '5.13.0-37-generic', java.version: '1.8.0_212'
Driver info: org.openqa.selenium.remote.RemoteWebDriver
Capabilities {acceptInsecureCerts: false, browserName: chrome, browserVersion: 87.0.4280.141, chrome: {chromedriverVersion: 87.0.4280.88 (89e2380a3e36c..., userDataDir: /tmp/.com.google.Chrome.zlNH73}, goog:chromeOptions: {debuggerAddress: localhost:32981}, javascriptEnabled: true, networkConnectionEnabled: false, pageLoadStrategy: normal, platform: LINUX, platformName: LINUX, proxy: Proxy(), se:options: {cdp: http://172.17.0.1:4444/sess...}, setWindowRect: true, strictFileInteractability: false, timeouts: {implicit: 0, pageLoad: 300000, script: 30000}, unhandledPromptBehavior: dismiss and notify, webauthn:virtualAuthenticators: true}
Session ID: f8127498ffe52efc1fdebc788cc1e7ed</error><system-err>stale element reference: element is not attached to the page document
  (Session info: chrome=87.0.4280.141)
For documentation on this error, please visit: https://www.seleniumhq.org/exceptions/stale_element_reference.html
Build info: version: '3.141.59', revision: 'e82be7d358', time: '2018-11-14T08:17:03'
System info: host: 'deosite-latitude-5491', ip: '127.0.1.1', os.name: 'Linux', os.arch: 'amd64', os.version: '5.13.0-37-generic', java.version: '1.8.0_212'
Driver info: org.openqa.selenium.remote.RemoteWebDriver
Capabilities {acceptInsecureCerts: false, browserName: chrome, browserVersion: 87.0.4280.141, chrome: {chromedriverVersion: 87.0.4280.88 (89e2380a3e36c..., userDataDir: /tmp/.com.google.Chrome.zlNH73}, goog:chromeOptions: {debuggerAddress: localhost:32981}, javascriptEnabled: true, networkConnectionEnabled: false, pageLoadStrategy: normal, platform: LINUX, platformName: LINUX, proxy: Proxy(), se:options: {cdp: http://172.17.0.1:4444/sess...}, setWindowRect: true, strictFileInteractability: false, timeouts: {implicit: 0, pageLoad: 300000, script: 30000}, unhandledPromptBehavior: dismiss and notify, webauthn:virtualAuthenticators: true}
Session ID: f8127498ffe52efc1fdebc788cc1e7ed
sun.reflect.NativeConstructorAccessorImpl.newInstance0(Native Method)
sun.reflect.NativeConstructorAccessorImpl.newInstance(NativeConstructorAccessorImpl.java:62)
sun.reflect.DelegatingConstructorAccessorImpl.newInstance(DelegatingConstructorAccessorImpl.java:45)
java.lang.reflect.Constructor.newInstance(Constructor.java:423)
org.openqa.selenium.remote.http.W3CHttpResponseCodec.createException(W3CHttpResponseCodec.java:187)
org.openqa.selenium.remote.http.W3CHttpResponseCodec.decode(W3CHttpResponseCodec.java:122)
org.openqa.selenium.remote.http.W3CHttpResponseCodec.decode(W3CHttpResponseCodec.java:49)
org.openqa.selenium.remote.HttpCommandExecutor.execute(HttpCommandExecutor.java:158)
org.openqa.selenium.remote.RemoteWebDriver.execute(RemoteWebDriver.java:552)
org.openqa.selenium.remote.RemoteWebElement.execute(RemoteWebElement.java:285)
org.openqa.selenium.remote.RemoteWebElement.isDisplayed(RemoteWebElement.java:326)
net.serenitybdd.core.pages.WebElementFacadeImpl.elementIsPresent(WebElementFacadeImpl.java:1002)
net.serenitybdd.core.pages.WebElementFacadeImpl.isPresent(WebElementFacadeImpl.java:1018)
net.serenitybdd.core.pages.WebElementExpectations$2.apply(WebElementExpectations.java:43)
net.serenitybdd.core.pages.WebElementExpectations$2.apply(WebElementExpectations.java:35)
org.openqa.selenium.support.ui.FluentWait.until(FluentWait.java:249)
net.serenitybdd.core.pages.WebElementFacadeImpl.waitUntilPresent(WebElementFacadeImpl.java:1064)
net.serenitybdd.core.pages.WebElementFacadeImpl.waitUntilElementPresent(WebElementFacadeImpl.java:987)
net.serenitybdd.core.pages.WebElementFacadeImpl.click(WebElementFacadeImpl.java:1263)
net.serenitybdd.screenplay.actions.ClickOnElement.performAs(ClickOnElement.java:12)
net.serenitybdd.screenplay.actions.ClickOnElement$ByteBuddy$SXFLfAXs.performAs$accessor$lJUH7xxH(Unknown Source)
sun.reflect.NativeMethodAccessorImpl.invoke0(Native Method)
sun.reflect.NativeMethodAccessorImpl.invoke(NativeMethodAccessorImpl.java:62)
sun.reflect.DelegatingMethodAccessorImpl.invoke(DelegatingMethodAccessorImpl.java:43)
java.lang.reflect.Method.invoke(Method.java:498)
net.thucydides.core.steps.StepInterceptor.invokeMethod(StepInterceptor.java:492)
net.thucydides.core.steps.StepInterceptor.executeTestStepMethod(StepInterceptor.java:472)
net.thucydides.core.steps.StepInterceptor.runTestStep(StepInterceptor.java:445)
net.thucydides.core.steps.StepInterceptor.runOrSkipMethod(StepInterceptor.java:201)
net.thucydides.core.steps.StepInterceptor.testStepResult(StepInterceptor.java:188)
net.thucydides.core.steps.StepInterceptor.intercept(StepInterceptor.java:76)
net.thucydides.core.steps.ProxyConfiguration$InterceptorDispatcher.intercept(ProxyConfiguration.java:51)
net.serenitybdd.screenplay.actions.ClickOnElement$ByteBuddy$SXFLfAXs.performAs(Unknown Source)
net.serenitybdd.screenplay.Actor.performTask(Actor.java:253)
net.serenitybdd.screenplay.Actor.perform(Actor.java:234)
net.serenitybdd.screenplay.Actor.attemptsTo(Actor.java:179)
com.deosite.tests.actions.OpenProductPage.performAs(OpenProductPage.java:25)
com.deosite.tests.actions.OpenProductPage$ByteBuddy$mqnvGjNH.performAs$accessor$wyBfIpml(Unknown Source)
sun.reflect.NativeMethodAccessorImpl.invoke0(Native Method)
sun.reflect.NativeMethodAccessorImpl.invoke(NativeMethodAccessorImpl.java:62)
sun.reflect.DelegatingMethodAccessorImpl.invoke(DelegatingMethodAccessorImpl.java:43)
java.lang.reflect.Method.invoke(Method.java:498)
net.thucydides.core.steps.StepInterceptor.invokeMethod(StepInterceptor.java:492)
net.thucydides.core.steps.StepInterceptor.executeTestStepMethod(StepInterceptor.java:472)
net.thucydides.core.steps.StepInterceptor.runTestStep(StepInterceptor.java:445)
net.thucydides.core.steps.StepInterceptor.runOrSkipMethod(StepInterceptor.java:201)
net.thucydides.core.steps.StepInterceptor.testStepResult(StepInterceptor.java:188)
net.thucydides.core.steps.StepInterceptor.intercept(StepInterceptor.java:76)
net.thucydides.core.steps.ProxyConfiguration$InterceptorDispatcher.intercept(ProxyConfiguration.java:51)
com.deosite.tests.actions.OpenProductPage$ByteBuddy$mqnvGjNH.performAs(Unknown Source)
net.serenitybdd.screenplay.Actor.performTask(Actor.java:253)
net.serenitybdd.screenplay.Actor.perform(Actor.java:234)
net.serenitybdd.screenplay.Actor.attemptsTo(Actor.java:179)
com.deosite.tests.features.creating_orders.OrderProductsLoggedIn.actor_orders_product_using_chosen_delivery(OrderProductsLoggedIn.java:83)
sun.reflect.NativeMethodAccessorImpl.invoke0(Native Method)
sun.reflect.NativeMethodAccessorImpl.invoke(NativeMethodAccessorImpl.java:62)
sun.reflect.DelegatingMethodAccessorImpl.invoke(DelegatingMethodAccessorImpl.java:43)
java.lang.reflect.Method.invoke(Method.java:498)
io.cucumber.java.Invoker.doInvoke(Invoker.java:66)
io.cucumber.java.Invoker.invoke(Invoker.java:24)
io.cucumber.java.AbstractGlueDefinition.invokeMethod(AbstractGlueDefinition.java:47)
io.cucumber.java.JavaStepDefinition.execute(JavaStepDefinition.java:29)
io.cucumber.core.runner.CoreStepDefinition.execute(CoreStepDefinition.java:66)
io.cucumber.core.runner.PickleStepDefinitionMatch.runStep(PickleStepDefinitionMatch.java:63)
io.cucumber.core.runner.ExecutionMode$1.execute(ExecutionMode.java:10)
io.cucumber.core.runner.TestStep.executeStep(TestStep.java:92)
io.cucumber.core.runner.TestStep.run(TestStep.java:64)
io.cucumber.core.runner.PickleStepTestStep.run(PickleStepTestStep.java:51)
io.cucumber.core.runner.TestCase.run(TestCase.java:104)
io.cucumber.core.runner.Runner.runPickle(Runner.java:73)
io.cucumber.junit.PickleRunners$NoStepDescriptions.run(PickleRunners.java:151)
io.cucumber.junit.FeatureRunner.runChild(FeatureRunner.java:135)
io.cucumber.junit.FeatureRunner.runChild(FeatureRunner.java:27)
org.junit.runners.ParentRunner$4.run(ParentRunner.java:331)
org.junit.runners.ParentRunner$1.schedule(ParentRunner.java:79)
org.junit.runners.ParentRunner.runChildren(ParentRunner.java:329)
org.junit.runners.ParentRunner.access$100(ParentRunner.java:66)
org.junit.runners.ParentRunner$2.evaluate(ParentRunner.java:293)
org.junit.runners.ParentRunner$3.evaluate(ParentRunner.java:306)
org.junit.runners.ParentRunner.run(ParentRunner.java:413)
io.cucumber.junit.CucumberSerenityRunner.runChild(CucumberSerenityRunner.java:258)
io.cucumber.junit.CucumberSerenityRunner.runChild(CucumberSerenityRunner.java:57)
org.junit.runners.ParentRunner$4.run(ParentRunner.java:331)
org.junit.runners.ParentRunner$1.schedule(ParentRunner.java:79)
org.junit.runners.ParentRunner.runChildren(ParentRunner.java:329)
org.junit.runners.ParentRunner.access$100(ParentRunner.java:66)
org.junit.runners.ParentRunner$2.evaluate(ParentRunner.java:293)
io.cucumber.junit.CucumberSerenityRunner$RunCucumber.evaluate(CucumberSerenityRunner.java:286)
org.junit.runners.ParentRunner$3.evaluate(ParentRunner.java:306)
org.junit.runners.ParentRunner.run(ParentRunner.java:413)
org.junit.runner.JUnitCore.run(JUnitCore.java:137)
org.junit.runner.JUnitCore.run(JUnitCore.java:115)
org.junit.vintage.engine.execution.RunnerExecutor.execute(RunnerExecutor.java:43)
java.util.stream.ForEachOps$ForEachOp$OfRef.accept(ForEachOps.java:184)
java.util.stream.ReferencePipeline$3$1.accept(ReferencePipeline.java:193)
java.util.Iterator.forEachRemaining(Iterator.java:116)
java.util.Spliterators$IteratorSpliterator.forEachRemaining(Spliterators.java:1801)
java.util.stream.AbstractPipeline.copyInto(AbstractPipeline.java:482)
java.util.stream.AbstractPipeline.wrapAndCopyInto(AbstractPipeline.java:472)
java.util.stream.ForEachOps$ForEachOp.evaluateSequential(ForEachOps.java:151)
java.util.stream.ForEachOps$ForEachOp$OfRef.evaluateSequential(ForEachOps.java:174)
java.util.stream.AbstractPipeline.evaluate(AbstractPipeline.java:234)
java.util.stream.ReferencePipeline.forEach(ReferencePipeline.java:418)
org.junit.vintage.engine.VintageTestEngine.executeAllChildren(VintageTestEngine.java:82)
org.junit.vintage.engine.VintageTestEngine.execute(VintageTestEngine.java:73)
org.junit.platform.launcher.core.EngineExecutionOrchestrator.execute(EngineExecutionOrchestrator.java:108)
org.junit.platform.launcher.core.EngineExecutionOrchestrator.execute(EngineExecutionOrchestrator.java:88)
org.junit.platform.launcher.core.EngineExecutionOrchestrator.lambda$execute$0(EngineExecutionOrchestrator.java:54)
org.junit.platform.launcher.core.EngineExecutionOrchestrator.withInterceptedStreams(EngineExecutionOrchestrator.java:67)
org.junit.platform.launcher.core.EngineExecutionOrchestrator.execute(EngineExecutionOrchestrator.java:52)
org.junit.platform.launcher.core.DefaultLauncher.execute(DefaultLauncher.java:96)
org.junit.platform.launcher.core.DefaultLauncher.execute(DefaultLauncher.java:75)
org.apache.maven.surefire.junitplatform.JUnitPlatformProvider.invokeAllTests(JUnitPlatformProvider.java:154)
org.apache.maven.surefire.junitplatform.JUnitPlatformProvider.invoke(JUnitPlatformProvider.java:123)
org.apache.maven.surefire.booter.ForkedBooter.runSuitesInProcess(ForkedBooter.java:377)
org.apache.maven.surefire.booter.ForkedBooter.execute(ForkedBooter.java:138)
org.apache.maven.surefire.booter.ForkedBooter.run(ForkedBooter.java:465)
org.apache.maven.surefire.booter.ForkedBooter.main(ForkedBooter.java:451)
</system-err></testcase><testcase name="Login and Order with courier delivery and paypal payment"><error message="stale element reference: element is not attached to the page document&#10;  (Session info: chrome=87.0.4280.141)&#10;For documentation on this error, please visit: https://www.seleniumhq.org/exceptions/stale_element_reference.html&#10;Build info: version: '3.141.59', revision: 'e82be7d358', time: '2018-11-14T08:17:03'&#10;System info: host: 'deosite-latitude-5491', ip: '127.0.1.1', os.name: 'Linux', os.arch: 'amd64', os.version: '5.13.0-37-generic', java.version: '1.8.0_212'&#10;Driver info: org.openqa.selenium.remote.RemoteWebDriver&#10;Capabilities {acceptInsecureCerts: false, browserName: chrome, browserVersion: 87.0.4280.141, chrome: {chromedriverVersion: 87.0.4280.88 (89e2380a3e36c..., userDataDir: /tmp/.com.google.Chrome.HidReP}, goog:chromeOptions: {debuggerAddress: localhost:46825}, javascriptEnabled: true, networkConnectionEnabled: false, pageLoadStrategy: normal, platform: LINUX, platformName: LINUX, proxy: Proxy(), se:options: {cdp: http://172.17.0.1:4444/sess...}, setWindowRect: true, strictFileInteractability: false, timeouts: {implicit: 0, pageLoad: 300000, script: 30000}, unhandledPromptBehavior: dismiss and notify, webauthn:virtualAuthenticators: true}&#10;Session ID: e06cfb9da5e7362a3dab7e9a27a26c86" type="org.openqa.selenium.StaleElementReferenceException">stale element reference: element is not attached to the page document
  (Session info: chrome=87.0.4280.141)
For documentation on this error, please visit: https://www.seleniumhq.org/exceptions/stale_element_reference.html
Build info: version: '3.141.59', revision: 'e82be7d358', time: '2018-11-14T08:17:03'
System info: host: 'deosite-latitude-5491', ip: '127.0.1.1', os.name: 'Linux', os.arch: 'amd64', os.version: '5.13.0-37-generic', java.version: '1.8.0_212'
Driver info: org.openqa.selenium.remote.RemoteWebDriver
Capabilities {acceptInsecureCerts: false, browserName: chrome, browserVersion: 87.0.4280.141, chrome: {chromedriverVersion: 87.0.4280.88 (89e2380a3e36c..., userDataDir: /tmp/.com.google.Chrome.HidReP}, goog:chromeOptions: {debuggerAddress: localhost:46825}, javascriptEnabled: true, networkConnectionEnabled: false, pageLoadStrategy: normal, platform: LINUX, platformName: LINUX, proxy: Proxy(), se:options: {cdp: http://172.17.0.1:4444/sess...}, setWindowRect: true, strictFileInteractability: false, timeouts: {implicit: 0, pageLoad: 300000, script: 30000}, unhandledPromptBehavior: dismiss and notify, webauthn:virtualAuthenticators: true}
Session ID: e06cfb9da5e7362a3dab7e9a27a26c86</error><system-err>stale element reference: element is not attached to the page document
  (Session info: chrome=87.0.4280.141)
For documentation on this error, please visit: https://www.seleniumhq.org/exceptions/stale_element_reference.html
Build info: version: '3.141.59', revision: 'e82be7d358', time: '2018-11-14T08:17:03'
System info: host: 'deosite-latitude-5491', ip: '127.0.1.1', os.name: 'Linux', os.arch: 'amd64', os.version: '5.13.0-37-generic', java.version: '1.8.0_212'
Driver info: org.openqa.selenium.remote.RemoteWebDriver
Capabilities {acceptInsecureCerts: false, browserName: chrome, browserVersion: 87.0.4280.141, chrome: {chromedriverVersion: 87.0.4280.88 (89e2380a3e36c..., userDataDir: /tmp/.com.google.Chrome.HidReP}, goog:chromeOptions: {debuggerAddress: localhost:46825}, javascriptEnabled: true, networkConnectionEnabled: false, pageLoadStrategy: normal, platform: LINUX, platformName: LINUX, proxy: Proxy(), se:options: {cdp: http://172.17.0.1:4444/sess...}, setWindowRect: true, strictFileInteractability: false, timeouts: {implicit: 0, pageLoad: 300000, script: 30000}, unhandledPromptBehavior: dismiss and notify, webauthn:virtualAuthenticators: true}
Session ID: e06cfb9da5e7362a3dab7e9a27a26c86
sun.reflect.NativeConstructorAccessorImpl.newInstance0(Native Method)
sun.reflect.NativeConstructorAccessorImpl.newInstance(NativeConstructorAccessorImpl.java:62)
sun.reflect.DelegatingConstructorAccessorImpl.newInstance(DelegatingConstructorAccessorImpl.java:45)
java.lang.reflect.Constructor.newInstance(Constructor.java:423)
org.openqa.selenium.remote.http.W3CHttpResponseCodec.createException(W3CHttpResponseCodec.java:187)
org.openqa.selenium.remote.http.W3CHttpResponseCodec.decode(W3CHttpResponseCodec.java:122)
org.openqa.selenium.remote.http.W3CHttpResponseCodec.decode(W3CHttpResponseCodec.java:49)
org.openqa.selenium.remote.HttpCommandExecutor.execute(HttpCommandExecutor.java:158)
org.openqa.selenium.remote.RemoteWebDriver.execute(RemoteWebDriver.java:552)
org.openqa.selenium.remote.RemoteWebElement.execute(RemoteWebElement.java:285)
org.openqa.selenium.remote.RemoteWebElement.isDisplayed(RemoteWebElement.java:326)
net.serenitybdd.core.pages.WebElementFacadeImpl.elementIsPresent(WebElementFacadeImpl.java:1002)
net.serenitybdd.core.pages.WebElementFacadeImpl.isPresent(WebElementFacadeImpl.java:1018)
net.serenitybdd.core.pages.WebElementExpectations$2.apply(WebElementExpectations.java:43)
net.serenitybdd.core.pages.WebElementExpectations$2.apply(WebElementExpectations.java:35)
org.openqa.selenium.support.ui.FluentWait.until(FluentWait.java:249)
net.serenitybdd.core.pages.WebElementFacadeImpl.waitUntilPresent(WebElementFacadeImpl.java:1064)
net.serenitybdd.core.pages.WebElementFacadeImpl.waitUntilElementPresent(WebElementFacadeImpl.java:987)
net.serenitybdd.core.pages.WebElementFacadeImpl.click(WebElementFacadeImpl.java:1263)
net.serenitybdd.screenplay.actions.ClickOnElement.performAs(ClickOnElement.java:12)
net.serenitybdd.screenplay.actions.ClickOnElement$ByteBuddy$SXFLfAXs.performAs$accessor$lJUH7xxH(Unknown Source)
sun.reflect.NativeMethodAccessorImpl.invoke0(Native Method)
sun.reflect.NativeMethodAccessorImpl.invoke(NativeMethodAccessorImpl.java:62)
sun.reflect.DelegatingMethodAccessorImpl.invoke(DelegatingMethodAccessorImpl.java:43)
java.lang.reflect.Method.invoke(Method.java:498)
net.thucydides.core.steps.StepInterceptor.invokeMethod(StepInterceptor.java:492)
net.thucydides.core.steps.StepInterceptor.executeTestStepMethod(StepInterceptor.java:472)
net.thucydides.core.steps.StepInterceptor.runTestStep(StepInterceptor.java:445)
net.thucydides.core.steps.StepInterceptor.runOrSkipMethod(StepInterceptor.java:201)
net.thucydides.core.steps.StepInterceptor.testStepResult(StepInterceptor.java:188)
net.thucydides.core.steps.StepInterceptor.intercept(StepInterceptor.java:76)
net.thucydides.core.steps.ProxyConfiguration$InterceptorDispatcher.intercept(ProxyConfiguration.java:51)
net.serenitybdd.screenplay.actions.ClickOnElement$ByteBuddy$SXFLfAXs.performAs(Unknown Source)
net.serenitybdd.screenplay.Actor.performTask(Actor.java:253)
net.serenitybdd.screenplay.Actor.perform(Actor.java:234)
net.serenitybdd.screenplay.Actor.attemptsTo(Actor.java:179)
com.deosite.tests.actions.OpenProductPage.performAs(OpenProductPage.java:25)
com.deosite.tests.actions.OpenProductPage$ByteBuddy$mqnvGjNH.performAs$accessor$wyBfIpml(Unknown Source)
sun.reflect.NativeMethodAccessorImpl.invoke0(Native Method)
sun.reflect.NativeMethodAccessorImpl.invoke(NativeMethodAccessorImpl.java:62)
sun.reflect.DelegatingMethodAccessorImpl.invoke(DelegatingMethodAccessorImpl.java:43)
java.lang.reflect.Method.invoke(Method.java:498)
net.thucydides.core.steps.StepInterceptor.invokeMethod(StepInterceptor.java:492)
net.thucydides.core.steps.StepInterceptor.executeTestStepMethod(StepInterceptor.java:472)
net.thucydides.core.steps.StepInterceptor.runTestStep(StepInterceptor.java:445)
net.thucydides.core.steps.StepInterceptor.runOrSkipMethod(StepInterceptor.java:201)
net.thucydides.core.steps.StepInterceptor.testStepResult(StepInterceptor.java:188)
net.thucydides.core.steps.StepInterceptor.intercept(StepInterceptor.java:76)
net.thucydides.core.steps.ProxyConfiguration$InterceptorDispatcher.intercept(ProxyConfiguration.java:51)
com.deosite.tests.actions.OpenProductPage$ByteBuddy$mqnvGjNH.performAs(Unknown Source)
net.serenitybdd.screenplay.Actor.performTask(Actor.java:253)
net.serenitybdd.screenplay.Actor.perform(Actor.java:234)
net.serenitybdd.screenplay.Actor.attemptsTo(Actor.java:179)
com.deosite.tests.features.creating_orders.OrderProductsLoggedIn.actor_orders_product_using_chosen_delivery(OrderProductsLoggedIn.java:83)
sun.reflect.NativeMethodAccessorImpl.invoke0(Native Method)
sun.reflect.NativeMethodAccessorImpl.invoke(NativeMethodAccessorImpl.java:62)
sun.reflect.DelegatingMethodAccessorImpl.invoke(DelegatingMethodAccessorImpl.java:43)
java.lang.reflect.Method.invoke(Method.java:498)
io.cucumber.java.Invoker.doInvoke(Invoker.java:66)
io.cucumber.java.Invoker.invoke(Invoker.java:24)
io.cucumber.java.AbstractGlueDefinition.invokeMethod(AbstractGlueDefinition.java:47)
io.cucumber.java.JavaStepDefinition.execute(JavaStepDefinition.java:29)
io.cucumber.core.runner.CoreStepDefinition.execute(CoreStepDefinition.java:66)
io.cucumber.core.runner.PickleStepDefinitionMatch.runStep(PickleStepDefinitionMatch.java:63)
io.cucumber.core.runner.ExecutionMode$1.execute(ExecutionMode.java:10)
io.cucumber.core.runner.TestStep.executeStep(TestStep.java:92)
io.cucumber.core.runner.TestStep.run(TestStep.java:64)
io.cucumber.core.runner.PickleStepTestStep.run(PickleStepTestStep.java:51)
io.cucumber.core.runner.TestCase.run(TestCase.java:104)
io.cucumber.core.runner.Runner.runPickle(Runner.java:73)
io.cucumber.junit.PickleRunners$NoStepDescriptions.run(PickleRunners.java:151)
io.cucumber.junit.FeatureRunner.runChild(FeatureRunner.java:135)
io.cucumber.junit.FeatureRunner.runChild(FeatureRunner.java:27)
org.junit.runners.ParentRunner$4.run(ParentRunner.java:331)
org.junit.runners.ParentRunner$1.schedule(ParentRunner.java:79)
org.junit.runners.ParentRunner.runChildren(ParentRunner.java:329)
org.junit.runners.ParentRunner.access$100(ParentRunner.java:66)
org.junit.runners.ParentRunner$2.evaluate(ParentRunner.java:293)
org.junit.runners.ParentRunner$3.evaluate(ParentRunner.java:306)
org.junit.runners.ParentRunner.run(ParentRunner.java:413)
io.cucumber.junit.CucumberSerenityRunner.runChild(CucumberSerenityRunner.java:258)
io.cucumber.junit.CucumberSerenityRunner.runChild(CucumberSerenityRunner.java:57)
org.junit.runners.ParentRunner$4.run(ParentRunner.java:331)
org.junit.runners.ParentRunner$1.schedule(ParentRunner.java:79)
org.junit.runners.ParentRunner.runChildren(ParentRunner.java:329)
org.junit.runners.ParentRunner.access$100(ParentRunner.java:66)
org.junit.runners.ParentRunner$2.evaluate(ParentRunner.java:293)
io.cucumber.junit.CucumberSerenityRunner$RunCucumber.evaluate(CucumberSerenityRunner.java:286)
org.junit.runners.ParentRunner$3.evaluate(ParentRunner.java:306)
org.junit.runners.ParentRunner.run(ParentRunner.java:413)
org.junit.runner.JUnitCore.run(JUnitCore.java:137)
org.junit.runner.JUnitCore.run(JUnitCore.java:115)
org.junit.vintage.engine.execution.RunnerExecutor.execute(RunnerExecutor.java:43)
java.util.stream.ForEachOps$ForEachOp$OfRef.accept(ForEachOps.java:184)
java.util.stream.ReferencePipeline$3$1.accept(ReferencePipeline.java:193)
java.util.Iterator.forEachRemaining(Iterator.java:116)
java.util.Spliterators$IteratorSpliterator.forEachRemaining(Spliterators.java:1801)
java.util.stream.AbstractPipeline.copyInto(AbstractPipeline.java:482)
java.util.stream.AbstractPipeline.wrapAndCopyInto(AbstractPipeline.java:472)
java.util.stream.ForEachOps$ForEachOp.evaluateSequential(ForEachOps.java:151)
java.util.stream.ForEachOps$ForEachOp$OfRef.evaluateSequential(ForEachOps.java:174)
java.util.stream.AbstractPipeline.evaluate(AbstractPipeline.java:234)
java.util.stream.ReferencePipeline.forEach(ReferencePipeline.java:418)
org.junit.vintage.engine.VintageTestEngine.executeAllChildren(VintageTestEngine.java:82)
org.junit.vintage.engine.VintageTestEngine.execute(VintageTestEngine.java:73)
org.junit.platform.launcher.core.EngineExecutionOrchestrator.execute(EngineExecutionOrchestrator.java:108)
org.junit.platform.launcher.core.EngineExecutionOrchestrator.execute(EngineExecutionOrchestrator.java:88)
org.junit.platform.launcher.core.EngineExecutionOrchestrator.lambda$execute$0(EngineExecutionOrchestrator.java:54)
org.junit.platform.launcher.core.EngineExecutionOrchestrator.withInterceptedStreams(EngineExecutionOrchestrator.java:67)
org.junit.platform.launcher.core.EngineExecutionOrchestrator.execute(EngineExecutionOrchestrator.java:52)
org.junit.platform.launcher.core.DefaultLauncher.execute(DefaultLauncher.java:96)
org.junit.platform.launcher.core.DefaultLauncher.execute(DefaultLauncher.java:75)
org.apache.maven.surefire.junitplatform.JUnitPlatformProvider.invokeAllTests(JUnitPlatformProvider.java:154)
org.apache.maven.surefire.junitplatform.JUnitPlatformProvider.invoke(JUnitPlatformProvider.java:123)
org.apache.maven.surefire.booter.ForkedBooter.runSuitesInProcess(ForkedBooter.java:377)
org.apache.maven.surefire.booter.ForkedBooter.execute(ForkedBooter.java:138)
org.apache.maven.surefire.booter.ForkedBooter.run(ForkedBooter.java:465)
org.apache.maven.surefire.booter.ForkedBooter.main(ForkedBooter.java:451)
</system-err></testcase><testcase name="Login and Order with courier delivery and transfer payment"/><testcase name="Login and Order with courier delivery and transfer payment (changes shipping address, changes billing address)"/></testsuite>